<?xml version="1.0" encoding="UTF-8"?>
<!-- Generated by org.testng.reporters.JUnitReportReporter -->
<testsuite hostname="AGI-LT-1137" failures="0" tests="1" name="Mavenproject.Arismavenproject1.Base" time="0.012" errors="0" timestamp="2021-09-24T15:32:29 IST" skipped="0">
  <testcase classname="Mavenproject.Arismavenproject1.Base" name="BrowserCall" time="0.012"/>
  <system-out/>
</testsuite> <!-- Mavenproject.Arismavenproject1.Base -->
