<?xml version="1.0" encoding="UTF-8"?>
<!-- Generated by org.testng.reporters.JUnitReportReporter -->
<testsuite hostname="AGI-LT-1137" failures="0" tests="1" name="Mavenproject.Arismavenproject1.GoogleTC" time="7.646" errors="0" timestamp="2021-09-24T16:24:10 IST" skipped="0">
  <testcase classname="Mavenproject.Arismavenproject1.GoogleTC" name="TS001" time="7.646"/>
  <system-out/>
</testsuite> <!-- Mavenproject.Arismavenproject1.GoogleTC -->
